2022-12-17 11:39:54,588 [Worker-2: Loading available Gradle versions] INFO  o.e.b.c.i.u.g.PublishedGradleVersions - Gradle version information cache is up-to-date. Trying to read.
2022-12-17 11:49:55,956 [Worker-2: Creating project "webMobile"] INFO  o.e.m.c.i.l.LifecycleMappingFactory - Using org.eclipse.m2e.jdt.JarLifecycleMapping lifecycle mapping for MavenProject: yesMadam:webMobile:0.0.1-SNAPSHOT @ /home/yesmadam/eclipse-workspace/GitDemo/webMobile/pom.xml.
2022-12-17 11:49:57,426 [Worker-2: Creating project "webMobile"] INFO  o.e.m.j.i.AbstractJavaProjectConfigurator - Adding source folder /webMobile/src/main/java
2022-12-17 11:49:57,437 [Worker-2: Creating project "webMobile"] INFO  o.e.m.j.i.AbstractJavaProjectConfigurator - Adding resource folder /webMobile/src/main/resources
2022-12-17 11:49:57,438 [Worker-2: Creating project "webMobile"] INFO  o.e.m.j.i.AbstractJavaProjectConfigurator - Adding source folder /webMobile/src/test/java
2022-12-17 11:49:57,439 [Worker-2: Creating project "webMobile"] INFO  o.e.m.j.i.AbstractJavaProjectConfigurator - Adding resource folder /webMobile/src/test/resources
2022-12-17 11:49:57,907 [Worker-18: Building] WARN  o.e.m.c.i.embedder.EclipseLogger - Using platform encoding (UTF-8 actually) to copy filtered resources, i.e. build is platform dependent!
2022-12-17 11:49:57,918 [Worker-18: Building] INFO  o.e.m.c.i.embedder.EclipseLogger - Copying 0 resource
2022-12-17 11:49:57,925 [Worker-18: Building] WARN  o.e.m.c.i.embedder.EclipseLogger - Using platform encoding (UTF-8 actually) to copy filtered resources, i.e. build is platform dependent!
2022-12-17 11:49:57,926 [Worker-18: Building] INFO  o.e.m.c.i.embedder.EclipseLogger - Copying 0 resource
2022-12-17 11:50:09,371 [Worker-17: Building] WARN  o.e.m.c.i.embedder.EclipseLogger - Using platform encoding (UTF-8 actually) to copy filtered resources, i.e. build is platform dependent!
2022-12-17 11:50:09,372 [Worker-17: Building] INFO  o.e.m.c.i.embedder.EclipseLogger - skip non existing resourceDirectory /home/yesmadam/eclipse-workspace/GitDemo/webMobile/src/main/resources
2022-12-17 11:50:09,381 [Worker-17: Building] WARN  o.e.m.c.i.embedder.EclipseLogger - Using platform encoding (UTF-8 actually) to copy filtered resources, i.e. build is platform dependent!
2022-12-17 11:50:09,382 [Worker-17: Building] INFO  o.e.m.c.i.embedder.EclipseLogger - skip non existing resourceDirectory /home/yesmadam/eclipse-workspace/GitDemo/webMobile/src/test/resources
2022-12-17 11:50:35,391 [Worker-17: Building] WARN  o.e.m.c.i.embedder.EclipseLogger - Using platform encoding (UTF-8 actually) to copy filtered resources, i.e. build is platform dependent!
2022-12-17 11:50:35,391 [Worker-17: Building] INFO  o.e.m.c.i.embedder.EclipseLogger - skip non existing resourceDirectory /home/yesmadam/eclipse-workspace/GitDemo/webMobile/src/main/resources
2022-12-17 11:50:35,397 [Worker-17: Building] WARN  o.e.m.c.i.embedder.EclipseLogger - Using platform encoding (UTF-8 actually) to copy filtered resources, i.e. build is platform dependent!
2022-12-17 11:50:35,398 [Worker-17: Building] INFO  o.e.m.c.i.embedder.EclipseLogger - skip non existing resourceDirectory /home/yesmadam/eclipse-workspace/GitDemo/webMobile/src/test/resources
2022-12-17 11:51:54,281 [Worker-18: Building] INFO  o.e.m.c.i.l.LifecycleMappingFactory - Using org.eclipse.m2e.jdt.JarLifecycleMapping lifecycle mapping for MavenProject: yesMadam:webMobile:0.0.1-SNAPSHOT @ /home/yesmadam/eclipse-workspace/GitDemo/webMobile/pom.xml.
2022-12-17 11:51:57,678 [Worker-18: Building] WARN  o.e.m.c.i.embedder.EclipseLogger - Using platform encoding (UTF-8 actually) to copy filtered resources, i.e. build is platform dependent!
2022-12-17 11:51:57,680 [Worker-18: Building] INFO  o.e.m.c.i.embedder.EclipseLogger - skip non existing resourceDirectory /home/yesmadam/eclipse-workspace/GitDemo/webMobile/src/main/resources
2022-12-17 11:51:57,690 [Worker-18: Building] WARN  o.e.m.c.i.embedder.EclipseLogger - Using platform encoding (UTF-8 actually) to copy filtered resources, i.e. build is platform dependent!
2022-12-17 11:51:57,691 [Worker-18: Building] INFO  o.e.m.c.i.embedder.EclipseLogger - skip non existing resourceDirectory /home/yesmadam/eclipse-workspace/GitDemo/webMobile/src/test/resources
2022-12-17 11:51:59,197 [Worker-21: Building] WARN  o.e.m.c.i.embedder.EclipseLogger - Using platform encoding (UTF-8 actually) to copy filtered resources, i.e. build is platform dependent!
2022-12-17 11:51:59,198 [Worker-21: Building] INFO  o.e.m.c.i.embedder.EclipseLogger - skip non existing resourceDirectory /home/yesmadam/eclipse-workspace/GitDemo/webMobile/src/main/resources
2022-12-17 11:51:59,200 [Worker-21: Building] WARN  o.e.m.c.i.embedder.EclipseLogger - Using platform encoding (UTF-8 actually) to copy filtered resources, i.e. build is platform dependent!
2022-12-17 11:51:59,201 [Worker-21: Building] INFO  o.e.m.c.i.embedder.EclipseLogger - skip non existing resourceDirectory /home/yesmadam/eclipse-workspace/GitDemo/webMobile/src/test/resources
2022-12-17 11:52:06,002 [Worker-20: Building] INFO  o.e.m.c.i.l.LifecycleMappingFactory - Using org.eclipse.m2e.jdt.JarLifecycleMapping lifecycle mapping for MavenProject: yesMadam:webMobile:0.0.1-SNAPSHOT @ /home/yesmadam/eclipse-workspace/GitDemo/webMobile/pom.xml.
2022-12-17 11:52:06,384 [Worker-20: Building] WARN  o.e.m.c.i.embedder.EclipseLogger - Using platform encoding (UTF-8 actually) to copy filtered resources, i.e. build is platform dependent!
2022-12-17 11:52:06,384 [Worker-20: Building] INFO  o.e.m.c.i.embedder.EclipseLogger - skip non existing resourceDirectory /home/yesmadam/eclipse-workspace/GitDemo/webMobile/src/main/resources
2022-12-17 11:52:06,387 [Worker-20: Building] WARN  o.e.m.c.i.embedder.EclipseLogger - Using platform encoding (UTF-8 actually) to copy filtered resources, i.e. build is platform dependent!
2022-12-17 11:52:06,388 [Worker-20: Building] INFO  o.e.m.c.i.embedder.EclipseLogger - skip non existing resourceDirectory /home/yesmadam/eclipse-workspace/GitDemo/webMobile/src/test/resources
2022-12-17 11:53:02,897 [Worker-17: Building] WARN  o.e.m.c.i.embedder.EclipseLogger - Using platform encoding (UTF-8 actually) to copy filtered resources, i.e. build is platform dependent!
2022-12-17 11:53:02,898 [Worker-17: Building] INFO  o.e.m.c.i.embedder.EclipseLogger - skip non existing resourceDirectory /home/yesmadam/eclipse-workspace/GitDemo/webMobile/src/main/resources
2022-12-17 11:53:02,901 [Worker-17: Building] WARN  o.e.m.c.i.embedder.EclipseLogger - Using platform encoding (UTF-8 actually) to copy filtered resources, i.e. build is platform dependent!
2022-12-17 11:53:02,901 [Worker-17: Building] INFO  o.e.m.c.i.embedder.EclipseLogger - skip non existing resourceDirectory /home/yesmadam/eclipse-workspace/GitDemo/webMobile/src/test/resources
2022-12-17 11:54:21,795 [Worker-17: Building] WARN  o.e.m.c.i.embedder.EclipseLogger - Using platform encoding (UTF-8 actually) to copy filtered resources, i.e. build is platform dependent!
2022-12-17 11:54:21,814 [Worker-17: Building] INFO  o.e.m.c.i.embedder.EclipseLogger - skip non existing resourceDirectory /home/yesmadam/eclipse-workspace/GitDemo/webMobile/src/main/resources
2022-12-17 11:54:21,818 [Worker-17: Building] WARN  o.e.m.c.i.embedder.EclipseLogger - Using platform encoding (UTF-8 actually) to copy filtered resources, i.e. build is platform dependent!
2022-12-17 11:54:21,818 [Worker-17: Building] INFO  o.e.m.c.i.embedder.EclipseLogger - skip non existing resourceDirectory /home/yesmadam/eclipse-workspace/GitDemo/webMobile/src/test/resources
2022-12-17 11:56:08,325 [Worker-2: Building] WARN  o.e.m.c.i.embedder.EclipseLogger - Using platform encoding (UTF-8 actually) to copy filtered resources, i.e. build is platform dependent!
2022-12-17 11:56:08,327 [Worker-2: Building] INFO  o.e.m.c.i.embedder.EclipseLogger - skip non existing resourceDirectory /home/yesmadam/eclipse-workspace/GitDemo/webMobile/src/main/resources
2022-12-17 11:56:08,336 [Worker-2: Building] WARN  o.e.m.c.i.embedder.EclipseLogger - Using platform encoding (UTF-8 actually) to copy filtered resources, i.e. build is platform dependent!
2022-12-17 11:56:08,337 [Worker-2: Building] INFO  o.e.m.c.i.embedder.EclipseLogger - skip non existing resourceDirectory /home/yesmadam/eclipse-workspace/GitDemo/webMobile/src/test/resources
2022-12-17 11:56:59,289 [Worker-2: Building] WARN  o.e.m.c.i.embedder.EclipseLogger - Using platform encoding (UTF-8 actually) to copy filtered resources, i.e. build is platform dependent!
2022-12-17 11:56:59,290 [Worker-2: Building] INFO  o.e.m.c.i.embedder.EclipseLogger - skip non existing resourceDirectory /home/yesmadam/eclipse-workspace/GitDemo/webMobile/src/main/resources
2022-12-17 11:56:59,293 [Worker-2: Building] WARN  o.e.m.c.i.embedder.EclipseLogger - Using platform encoding (UTF-8 actually) to copy filtered resources, i.e. build is platform dependent!
2022-12-17 11:56:59,293 [Worker-2: Building] INFO  o.e.m.c.i.embedder.EclipseLogger - skip non existing resourceDirectory /home/yesmadam/eclipse-workspace/GitDemo/webMobile/src/test/resources
2022-12-17 11:57:07,637 [Worker-17: Building] WARN  o.e.m.c.i.embedder.EclipseLogger - Using platform encoding (UTF-8 actually) to copy filtered resources, i.e. build is platform dependent!
2022-12-17 11:57:07,637 [Worker-17: Building] INFO  o.e.m.c.i.embedder.EclipseLogger - skip non existing resourceDirectory /home/yesmadam/eclipse-workspace/GitDemo/webMobile/src/main/resources
2022-12-17 11:57:07,642 [Worker-17: Building] WARN  o.e.m.c.i.embedder.EclipseLogger - Using platform encoding (UTF-8 actually) to copy filtered resources, i.e. build is platform dependent!
2022-12-17 11:57:07,643 [Worker-17: Building] INFO  o.e.m.c.i.embedder.EclipseLogger - skip non existing resourceDirectory /home/yesmadam/eclipse-workspace/GitDemo/webMobile/src/test/resources
2022-12-17 11:58:12,659 [Worker-22: Building] WARN  o.e.m.c.i.embedder.EclipseLogger - Using platform encoding (UTF-8 actually) to copy filtered resources, i.e. build is platform dependent!
2022-12-17 11:58:12,659 [Worker-22: Building] INFO  o.e.m.c.i.embedder.EclipseLogger - skip non existing resourceDirectory /home/yesmadam/eclipse-workspace/GitDemo/webMobile/src/main/resources
2022-12-17 11:58:12,661 [Worker-22: Building] WARN  o.e.m.c.i.embedder.EclipseLogger - Using platform encoding (UTF-8 actually) to copy filtered resources, i.e. build is platform dependent!
2022-12-17 11:58:12,662 [Worker-22: Building] INFO  o.e.m.c.i.embedder.EclipseLogger - skip non existing resourceDirectory /home/yesmadam/eclipse-workspace/GitDemo/webMobile/src/test/resources
2022-12-17 11:59:25,057 [Worker-22: Building] WARN  o.e.m.c.i.embedder.EclipseLogger - Using platform encoding (UTF-8 actually) to copy filtered resources, i.e. build is platform dependent!
2022-12-17 11:59:25,058 [Worker-22: Building] INFO  o.e.m.c.i.embedder.EclipseLogger - skip non existing resourceDirectory /home/yesmadam/eclipse-workspace/GitDemo/webMobile/src/main/resources
2022-12-17 11:59:25,062 [Worker-22: Building] WARN  o.e.m.c.i.embedder.EclipseLogger - Using platform encoding (UTF-8 actually) to copy filtered resources, i.e. build is platform dependent!
2022-12-17 11:59:25,062 [Worker-22: Building] INFO  o.e.m.c.i.embedder.EclipseLogger - skip non existing resourceDirectory /home/yesmadam/eclipse-workspace/GitDemo/webMobile/src/test/resources
2022-12-17 11:59:51,654 [Worker-20: Building] WARN  o.e.m.c.i.embedder.EclipseLogger - Using platform encoding (UTF-8 actually) to copy filtered resources, i.e. build is platform dependent!
2022-12-17 11:59:51,654 [Worker-20: Building] INFO  o.e.m.c.i.embedder.EclipseLogger - skip non existing resourceDirectory /home/yesmadam/eclipse-workspace/GitDemo/webMobile/src/main/resources
2022-12-17 11:59:51,656 [Worker-20: Building] WARN  o.e.m.c.i.embedder.EclipseLogger - Using platform encoding (UTF-8 actually) to copy filtered resources, i.e. build is platform dependent!
2022-12-17 11:59:51,657 [Worker-20: Building] INFO  o.e.m.c.i.embedder.EclipseLogger - skip non existing resourceDirectory /home/yesmadam/eclipse-workspace/GitDemo/webMobile/src/test/resources
2022-12-17 12:00:57,633 [Worker-23: Building] WARN  o.e.m.c.i.embedder.EclipseLogger - Using platform encoding (UTF-8 actually) to copy filtered resources, i.e. build is platform dependent!
2022-12-17 12:00:57,635 [Worker-23: Building] INFO  o.e.m.c.i.embedder.EclipseLogger - skip non existing resourceDirectory /home/yesmadam/eclipse-workspace/GitDemo/webMobile/src/main/resources
2022-12-17 12:00:57,638 [Worker-23: Building] WARN  o.e.m.c.i.embedder.EclipseLogger - Using platform encoding (UTF-8 actually) to copy filtered resources, i.e. build is platform dependent!
2022-12-17 12:00:57,639 [Worker-23: Building] INFO  o.e.m.c.i.embedder.EclipseLogger - skip non existing resourceDirectory /home/yesmadam/eclipse-workspace/GitDemo/webMobile/src/test/resources
2022-12-17 12:02:49,888 [Worker-17: Building] WARN  o.e.m.c.i.embedder.EclipseLogger - Using platform encoding (UTF-8 actually) to copy filtered resources, i.e. build is platform dependent!
2022-12-17 12:02:49,888 [Worker-17: Building] INFO  o.e.m.c.i.embedder.EclipseLogger - skip non existing resourceDirectory /home/yesmadam/eclipse-workspace/GitDemo/webMobile/src/main/resources
2022-12-17 12:02:49,892 [Worker-17: Building] WARN  o.e.m.c.i.embedder.EclipseLogger - Using platform encoding (UTF-8 actually) to copy filtered resources, i.e. build is platform dependent!
2022-12-17 12:02:49,892 [Worker-17: Building] INFO  o.e.m.c.i.embedder.EclipseLogger - skip non existing resourceDirectory /home/yesmadam/eclipse-workspace/GitDemo/webMobile/src/test/resources
2022-12-17 12:03:02,404 [Worker-22: Building] WARN  o.e.m.c.i.embedder.EclipseLogger - Using platform encoding (UTF-8 actually) to copy filtered resources, i.e. build is platform dependent!
2022-12-17 12:03:02,404 [Worker-22: Building] INFO  o.e.m.c.i.embedder.EclipseLogger - skip non existing resourceDirectory /home/yesmadam/eclipse-workspace/GitDemo/webMobile/src/main/resources
2022-12-17 12:03:02,407 [Worker-22: Building] WARN  o.e.m.c.i.embedder.EclipseLogger - Using platform encoding (UTF-8 actually) to copy filtered resources, i.e. build is platform dependent!
2022-12-17 12:03:02,407 [Worker-22: Building] INFO  o.e.m.c.i.embedder.EclipseLogger - skip non existing resourceDirectory /home/yesmadam/eclipse-workspace/GitDemo/webMobile/src/test/resources
2022-12-17 12:04:16,123 [Worker-24: Building] WARN  o.e.m.c.i.embedder.EclipseLogger - Using platform encoding (UTF-8 actually) to copy filtered resources, i.e. build is platform dependent!
2022-12-17 12:04:16,124 [Worker-24: Building] INFO  o.e.m.c.i.embedder.EclipseLogger - skip non existing resourceDirectory /home/yesmadam/eclipse-workspace/GitDemo/webMobile/src/main/resources
2022-12-17 12:04:16,127 [Worker-24: Building] WARN  o.e.m.c.i.embedder.EclipseLogger - Using platform encoding (UTF-8 actually) to copy filtered resources, i.e. build is platform dependent!
2022-12-17 12:04:16,128 [Worker-24: Building] INFO  o.e.m.c.i.embedder.EclipseLogger - skip non existing resourceDirectory /home/yesmadam/eclipse-workspace/GitDemo/webMobile/src/test/resources
2022-12-17 12:04:29,023 [Worker-25: Building] WARN  o.e.m.c.i.embedder.EclipseLogger - Using platform encoding (UTF-8 actually) to copy filtered resources, i.e. build is platform dependent!
2022-12-17 12:04:29,023 [Worker-25: Building] INFO  o.e.m.c.i.embedder.EclipseLogger - skip non existing resourceDirectory /home/yesmadam/eclipse-workspace/GitDemo/webMobile/src/main/resources
2022-12-17 12:04:29,025 [Worker-25: Building] WARN  o.e.m.c.i.embedder.EclipseLogger - Using platform encoding (UTF-8 actually) to copy filtered resources, i.e. build is platform dependent!
2022-12-17 12:04:29,025 [Worker-25: Building] INFO  o.e.m.c.i.embedder.EclipseLogger - skip non existing resourceDirectory /home/yesmadam/eclipse-workspace/GitDemo/webMobile/src/test/resources
2022-12-17 12:04:34,834 [Worker-24: Building] WARN  o.e.m.c.i.embedder.EclipseLogger - Using platform encoding (UTF-8 actually) to copy filtered resources, i.e. build is platform dependent!
2022-12-17 12:04:34,834 [Worker-24: Building] INFO  o.e.m.c.i.embedder.EclipseLogger - skip non existing resourceDirectory /home/yesmadam/eclipse-workspace/GitDemo/webMobile/src/main/resources
2022-12-17 12:04:34,837 [Worker-24: Building] WARN  o.e.m.c.i.embedder.EclipseLogger - Using platform encoding (UTF-8 actually) to copy filtered resources, i.e. build is platform dependent!
2022-12-17 12:04:34,837 [Worker-24: Building] INFO  o.e.m.c.i.embedder.EclipseLogger - skip non existing resourceDirectory /home/yesmadam/eclipse-workspace/GitDemo/webMobile/src/test/resources
2022-12-17 12:06:21,516 [Worker-20: Building] WARN  o.e.m.c.i.embedder.EclipseLogger - Using platform encoding (UTF-8 actually) to copy filtered resources, i.e. build is platform dependent!
2022-12-17 12:06:21,516 [Worker-20: Building] INFO  o.e.m.c.i.embedder.EclipseLogger - skip non existing resourceDirectory /home/yesmadam/eclipse-workspace/GitDemo/webMobile/src/main/resources
2022-12-17 12:06:21,520 [Worker-20: Building] WARN  o.e.m.c.i.embedder.EclipseLogger - Using platform encoding (UTF-8 actually) to copy filtered resources, i.e. build is platform dependent!
2022-12-17 12:06:21,522 [Worker-20: Building] INFO  o.e.m.c.i.embedder.EclipseLogger - skip non existing resourceDirectory /home/yesmadam/eclipse-workspace/GitDemo/webMobile/src/test/resources
2022-12-17 12:08:55,763 [Worker-17: Building] WARN  o.e.m.c.i.embedder.EclipseLogger - Using platform encoding (UTF-8 actually) to copy filtered resources, i.e. build is platform dependent!
2022-12-17 12:08:55,764 [Worker-17: Building] INFO  o.e.m.c.i.embedder.EclipseLogger - skip non existing resourceDirectory /home/yesmadam/eclipse-workspace/GitDemo/webMobile/src/main/resources
2022-12-17 12:08:55,767 [Worker-17: Building] WARN  o.e.m.c.i.embedder.EclipseLogger - Using platform encoding (UTF-8 actually) to copy filtered resources, i.e. build is platform dependent!
2022-12-17 12:08:55,767 [Worker-17: Building] INFO  o.e.m.c.i.embedder.EclipseLogger - skip non existing resourceDirectory /home/yesmadam/eclipse-workspace/GitDemo/webMobile/src/test/resources
2022-12-17 12:09:03,874 [Worker-20: Building] WARN  o.e.m.c.i.embedder.EclipseLogger - Using platform encoding (UTF-8 actually) to copy filtered resources, i.e. build is platform dependent!
2022-12-17 12:09:03,877 [Worker-20: Building] INFO  o.e.m.c.i.embedder.EclipseLogger - skip non existing resourceDirectory /home/yesmadam/eclipse-workspace/GitDemo/webMobile/src/main/resources
2022-12-17 12:09:03,882 [Worker-20: Building] WARN  o.e.m.c.i.embedder.EclipseLogger - Using platform encoding (UTF-8 actually) to copy filtered resources, i.e. build is platform dependent!
2022-12-17 12:09:03,883 [Worker-20: Building] INFO  o.e.m.c.i.embedder.EclipseLogger - skip non existing resourceDirectory /home/yesmadam/eclipse-workspace/GitDemo/webMobile/src/test/resources
2022-12-17 12:09:19,324 [Worker-20: Building] WARN  o.e.m.c.i.embedder.EclipseLogger - Using platform encoding (UTF-8 actually) to copy filtered resources, i.e. build is platform dependent!
2022-12-17 12:09:19,324 [Worker-20: Building] INFO  o.e.m.c.i.embedder.EclipseLogger - skip non existing resourceDirectory /home/yesmadam/eclipse-workspace/GitDemo/webMobile/src/main/resources
2022-12-17 12:09:19,327 [Worker-20: Building] WARN  o.e.m.c.i.embedder.EclipseLogger - Using platform encoding (UTF-8 actually) to copy filtered resources, i.e. build is platform dependent!
2022-12-17 12:09:19,327 [Worker-20: Building] INFO  o.e.m.c.i.embedder.EclipseLogger - skip non existing resourceDirectory /home/yesmadam/eclipse-workspace/GitDemo/webMobile/src/test/resources
2022-12-17 12:10:01,817 [Worker-17: Building] WARN  o.e.m.c.i.embedder.EclipseLogger - Using platform encoding (UTF-8 actually) to copy filtered resources, i.e. build is platform dependent!
2022-12-17 12:10:01,818 [Worker-17: Building] INFO  o.e.m.c.i.embedder.EclipseLogger - skip non existing resourceDirectory /home/yesmadam/eclipse-workspace/GitDemo/webMobile/src/main/resources
2022-12-17 12:10:01,824 [Worker-17: Building] WARN  o.e.m.c.i.embedder.EclipseLogger - Using platform encoding (UTF-8 actually) to copy filtered resources, i.e. build is platform dependent!
2022-12-17 12:10:01,824 [Worker-17: Building] INFO  o.e.m.c.i.embedder.EclipseLogger - skip non existing resourceDirectory /home/yesmadam/eclipse-workspace/GitDemo/webMobile/src/test/resources
2022-12-17 12:10:46,331 [Worker-26: Building] WARN  o.e.m.c.i.embedder.EclipseLogger - Using platform encoding (UTF-8 actually) to copy filtered resources, i.e. build is platform dependent!
2022-12-17 12:10:46,332 [Worker-26: Building] INFO  o.e.m.c.i.embedder.EclipseLogger - skip non existing resourceDirectory /home/yesmadam/eclipse-workspace/GitDemo/webMobile/src/main/resources
2022-12-17 12:10:46,335 [Worker-26: Building] WARN  o.e.m.c.i.embedder.EclipseLogger - Using platform encoding (UTF-8 actually) to copy filtered resources, i.e. build is platform dependent!
2022-12-17 12:10:46,335 [Worker-26: Building] INFO  o.e.m.c.i.embedder.EclipseLogger - skip non existing resourceDirectory /home/yesmadam/eclipse-workspace/GitDemo/webMobile/src/test/resources
2022-12-17 12:12:51,170 [Worker-26: Building] WARN  o.e.m.c.i.embedder.EclipseLogger - Using platform encoding (UTF-8 actually) to copy filtered resources, i.e. build is platform dependent!
2022-12-17 12:12:51,171 [Worker-26: Building] INFO  o.e.m.c.i.embedder.EclipseLogger - skip non existing resourceDirectory /home/yesmadam/eclipse-workspace/GitDemo/webMobile/src/main/resources
2022-12-17 12:12:51,180 [Worker-26: Building] WARN  o.e.m.c.i.embedder.EclipseLogger - Using platform encoding (UTF-8 actually) to copy filtered resources, i.e. build is platform dependent!
2022-12-17 12:12:51,180 [Worker-26: Building] INFO  o.e.m.c.i.embedder.EclipseLogger - skip non existing resourceDirectory /home/yesmadam/eclipse-workspace/GitDemo/webMobile/src/test/resources
2022-12-17 12:13:58,494 [Worker-17: Building] WARN  o.e.m.c.i.embedder.EclipseLogger - Using platform encoding (UTF-8 actually) to copy filtered resources, i.e. build is platform dependent!
2022-12-17 12:13:58,494 [Worker-17: Building] INFO  o.e.m.c.i.embedder.EclipseLogger - skip non existing resourceDirectory /home/yesmadam/eclipse-workspace/GitDemo/webMobile/src/main/resources
2022-12-17 12:13:58,496 [Worker-17: Building] WARN  o.e.m.c.i.embedder.EclipseLogger - Using platform encoding (UTF-8 actually) to copy filtered resources, i.e. build is platform dependent!
2022-12-17 12:13:58,497 [Worker-17: Building] INFO  o.e.m.c.i.embedder.EclipseLogger - skip non existing resourceDirectory /home/yesmadam/eclipse-workspace/GitDemo/webMobile/src/test/resources
2022-12-17 12:14:16,318 [Worker-26: Building] WARN  o.e.m.c.i.embedder.EclipseLogger - Using platform encoding (UTF-8 actually) to copy filtered resources, i.e. build is platform dependent!
2022-12-17 12:14:16,319 [Worker-26: Building] INFO  o.e.m.c.i.embedder.EclipseLogger - skip non existing resourceDirectory /home/yesmadam/eclipse-workspace/GitDemo/webMobile/src/main/resources
2022-12-17 12:14:16,321 [Worker-26: Building] WARN  o.e.m.c.i.embedder.EclipseLogger - Using platform encoding (UTF-8 actually) to copy filtered resources, i.e. build is platform dependent!
2022-12-17 12:14:16,322 [Worker-26: Building] INFO  o.e.m.c.i.embedder.EclipseLogger - skip non existing resourceDirectory /home/yesmadam/eclipse-workspace/GitDemo/webMobile/src/test/resources
2022-12-17 12:15:04,448 [Worker-17: Building] WARN  o.e.m.c.i.embedder.EclipseLogger - Using platform encoding (UTF-8 actually) to copy filtered resources, i.e. build is platform dependent!
2022-12-17 12:15:04,449 [Worker-17: Building] INFO  o.e.m.c.i.embedder.EclipseLogger - skip non existing resourceDirectory /home/yesmadam/eclipse-workspace/GitDemo/webMobile/src/main/resources
2022-12-17 12:15:04,451 [Worker-17: Building] WARN  o.e.m.c.i.embedder.EclipseLogger - Using platform encoding (UTF-8 actually) to copy filtered resources, i.e. build is platform dependent!
2022-12-17 12:15:04,452 [Worker-17: Building] INFO  o.e.m.c.i.embedder.EclipseLogger - skip non existing resourceDirectory /home/yesmadam/eclipse-workspace/GitDemo/webMobile/src/test/resources
2022-12-17 12:17:13,088 [Worker-26: Building] WARN  o.e.m.c.i.embedder.EclipseLogger - Using platform encoding (UTF-8 actually) to copy filtered resources, i.e. build is platform dependent!
2022-12-17 12:17:13,089 [Worker-26: Building] INFO  o.e.m.c.i.embedder.EclipseLogger - skip non existing resourceDirectory /home/yesmadam/eclipse-workspace/GitDemo/webMobile/src/main/resources
2022-12-17 12:17:13,093 [Worker-26: Building] WARN  o.e.m.c.i.embedder.EclipseLogger - Using platform encoding (UTF-8 actually) to copy filtered resources, i.e. build is platform dependent!
2022-12-17 12:17:13,094 [Worker-26: Building] INFO  o.e.m.c.i.embedder.EclipseLogger - skip non existing resourceDirectory /home/yesmadam/eclipse-workspace/GitDemo/webMobile/src/test/resources
2022-12-17 12:18:32,381 [Worker-31: Building] WARN  o.e.m.c.i.embedder.EclipseLogger - Using platform encoding (UTF-8 actually) to copy filtered resources, i.e. build is platform dependent!
2022-12-17 12:18:32,382 [Worker-31: Building] INFO  o.e.m.c.i.embedder.EclipseLogger - skip non existing resourceDirectory /home/yesmadam/eclipse-workspace/GitDemo/webMobile/src/main/resources
2022-12-17 12:18:32,384 [Worker-31: Building] WARN  o.e.m.c.i.embedder.EclipseLogger - Using platform encoding (UTF-8 actually) to copy filtered resources, i.e. build is platform dependent!
2022-12-17 12:18:32,385 [Worker-31: Building] INFO  o.e.m.c.i.embedder.EclipseLogger - skip non existing resourceDirectory /home/yesmadam/eclipse-workspace/GitDemo/webMobile/src/test/resources
2022-12-17 12:19:15,480 [Worker-26: Launching mobBrowserTest] WARN  o.e.m.c.i.embedder.EclipseLogger - Using platform encoding (UTF-8 actually) to copy filtered resources, i.e. build is platform dependent!
2022-12-17 12:19:15,481 [Worker-26: Launching mobBrowserTest] INFO  o.e.m.c.i.embedder.EclipseLogger - skip non existing resourceDirectory /home/yesmadam/eclipse-workspace/GitDemo/webMobile/src/main/resources
2022-12-17 12:19:15,484 [Worker-26: Launching mobBrowserTest] WARN  o.e.m.c.i.embedder.EclipseLogger - Using platform encoding (UTF-8 actually) to copy filtered resources, i.e. build is platform dependent!
2022-12-17 12:19:15,484 [Worker-26: Launching mobBrowserTest] INFO  o.e.m.c.i.embedder.EclipseLogger - skip non existing resourceDirectory /home/yesmadam/eclipse-workspace/GitDemo/webMobile/src/test/resources
2022-12-17 12:21:04,388 [Worker-30: Building] WARN  o.e.m.c.i.embedder.EclipseLogger - Using platform encoding (UTF-8 actually) to copy filtered resources, i.e. build is platform dependent!
2022-12-17 12:21:04,388 [Worker-30: Building] INFO  o.e.m.c.i.embedder.EclipseLogger - skip non existing resourceDirectory /home/yesmadam/eclipse-workspace/GitDemo/webMobile/src/main/resources
2022-12-17 12:21:04,392 [Worker-30: Building] WARN  o.e.m.c.i.embedder.EclipseLogger - Using platform encoding (UTF-8 actually) to copy filtered resources, i.e. build is platform dependent!
2022-12-17 12:21:04,392 [Worker-30: Building] INFO  o.e.m.c.i.embedder.EclipseLogger - skip non existing resourceDirectory /home/yesmadam/eclipse-workspace/GitDemo/webMobile/src/test/resources
2022-12-17 12:21:55,308 [Worker-26: Building] WARN  o.e.m.c.i.embedder.EclipseLogger - Using platform encoding (UTF-8 actually) to copy filtered resources, i.e. build is platform dependent!
2022-12-17 12:21:55,308 [Worker-26: Building] INFO  o.e.m.c.i.embedder.EclipseLogger - skip non existing resourceDirectory /home/yesmadam/eclipse-workspace/GitDemo/webMobile/src/main/resources
2022-12-17 12:21:55,311 [Worker-26: Building] WARN  o.e.m.c.i.embedder.EclipseLogger - Using platform encoding (UTF-8 actually) to copy filtered resources, i.e. build is platform dependent!
2022-12-17 12:21:55,312 [Worker-26: Building] INFO  o.e.m.c.i.embedder.EclipseLogger - skip non existing resourceDirectory /home/yesmadam/eclipse-workspace/GitDemo/webMobile/src/test/resources
2022-12-17 12:22:43,735 [Worker-29: Building] WARN  o.e.m.c.i.embedder.EclipseLogger - Using platform encoding (UTF-8 actually) to copy filtered resources, i.e. build is platform dependent!
2022-12-17 12:22:43,736 [Worker-29: Building] INFO  o.e.m.c.i.embedder.EclipseLogger - skip non existing resourceDirectory /home/yesmadam/eclipse-workspace/GitDemo/webMobile/src/main/resources
2022-12-17 12:22:43,740 [Worker-29: Building] WARN  o.e.m.c.i.embedder.EclipseLogger - Using platform encoding (UTF-8 actually) to copy filtered resources, i.e. build is platform dependent!
2022-12-17 12:22:43,740 [Worker-29: Building] INFO  o.e.m.c.i.embedder.EclipseLogger - skip non existing resourceDirectory /home/yesmadam/eclipse-workspace/GitDemo/webMobile/src/test/resources
2022-12-17 12:24:26,119 [Worker-33: Building] WARN  o.e.m.c.i.embedder.EclipseLogger - Using platform encoding (UTF-8 actually) to copy filtered resources, i.e. build is platform dependent!
2022-12-17 12:24:26,120 [Worker-33: Building] INFO  o.e.m.c.i.embedder.EclipseLogger - skip non existing resourceDirectory /home/yesmadam/eclipse-workspace/GitDemo/webMobile/src/main/resources
2022-12-17 12:24:26,124 [Worker-33: Building] WARN  o.e.m.c.i.embedder.EclipseLogger - Using platform encoding (UTF-8 actually) to copy filtered resources, i.e. build is platform dependent!
2022-12-17 12:24:26,124 [Worker-33: Building] INFO  o.e.m.c.i.embedder.EclipseLogger - skip non existing resourceDirectory /home/yesmadam/eclipse-workspace/GitDemo/webMobile/src/test/resources
2022-12-17 12:25:08,312 [Worker-30: Building] WARN  o.e.m.c.i.embedder.EclipseLogger - Using platform encoding (UTF-8 actually) to copy filtered resources, i.e. build is platform dependent!
2022-12-17 12:25:08,313 [Worker-30: Building] INFO  o.e.m.c.i.embedder.EclipseLogger - skip non existing resourceDirectory /home/yesmadam/eclipse-workspace/GitDemo/webMobile/src/main/resources
2022-12-17 12:25:08,315 [Worker-30: Building] WARN  o.e.m.c.i.embedder.EclipseLogger - Using platform encoding (UTF-8 actually) to copy filtered resources, i.e. build is platform dependent!
2022-12-17 12:25:08,316 [Worker-30: Building] INFO  o.e.m.c.i.embedder.EclipseLogger - skip non existing resourceDirectory /home/yesmadam/eclipse-workspace/GitDemo/webMobile/src/test/resources
2022-12-17 12:25:50,133 [Worker-34: Building] WARN  o.e.m.c.i.embedder.EclipseLogger - Using platform encoding (UTF-8 actually) to copy filtered resources, i.e. build is platform dependent!
2022-12-17 12:25:50,134 [Worker-34: Building] INFO  o.e.m.c.i.embedder.EclipseLogger - skip non existing resourceDirectory /home/yesmadam/eclipse-workspace/GitDemo/webMobile/src/main/resources
2022-12-17 12:25:50,136 [Worker-34: Building] WARN  o.e.m.c.i.embedder.EclipseLogger - Using platform encoding (UTF-8 actually) to copy filtered resources, i.e. build is platform dependent!
2022-12-17 12:25:50,137 [Worker-34: Building] INFO  o.e.m.c.i.embedder.EclipseLogger - skip non existing resourceDirectory /home/yesmadam/eclipse-workspace/GitDemo/webMobile/src/test/resources
2022-12-17 12:27:07,043 [Worker-33: Building] WARN  o.e.m.c.i.embedder.EclipseLogger - Using platform encoding (UTF-8 actually) to copy filtered resources, i.e. build is platform dependent!
2022-12-17 12:27:07,043 [Worker-33: Building] INFO  o.e.m.c.i.embedder.EclipseLogger - skip non existing resourceDirectory /home/yesmadam/eclipse-workspace/GitDemo/webMobile/src/main/resources
2022-12-17 12:27:07,045 [Worker-33: Building] WARN  o.e.m.c.i.embedder.EclipseLogger - Using platform encoding (UTF-8 actually) to copy filtered resources, i.e. build is platform dependent!
2022-12-17 12:27:07,045 [Worker-33: Building] INFO  o.e.m.c.i.embedder.EclipseLogger - skip non existing resourceDirectory /home/yesmadam/eclipse-workspace/GitDemo/webMobile/src/test/resources
2022-12-17 12:28:55,646 [Worker-33: Building] WARN  o.e.m.c.i.embedder.EclipseLogger - Using platform encoding (UTF-8 actually) to copy filtered resources, i.e. build is platform dependent!
2022-12-17 12:28:55,647 [Worker-33: Building] INFO  o.e.m.c.i.embedder.EclipseLogger - skip non existing resourceDirectory /home/yesmadam/eclipse-workspace/GitDemo/webMobile/src/main/resources
2022-12-17 12:28:55,649 [Worker-33: Building] WARN  o.e.m.c.i.embedder.EclipseLogger - Using platform encoding (UTF-8 actually) to copy filtered resources, i.e. build is platform dependent!
2022-12-17 12:28:55,649 [Worker-33: Building] INFO  o.e.m.c.i.embedder.EclipseLogger - skip non existing resourceDirectory /home/yesmadam/eclipse-workspace/GitDemo/webMobile/src/test/resources
2022-12-17 12:34:21,525 [Worker-37: Building] WARN  o.e.m.c.i.embedder.EclipseLogger - Using platform encoding (UTF-8 actually) to copy filtered resources, i.e. build is platform dependent!
2022-12-17 12:34:21,526 [Worker-37: Building] INFO  o.e.m.c.i.embedder.EclipseLogger - skip non existing resourceDirectory /home/yesmadam/eclipse-workspace/GitDemo/webMobile/src/main/resources
2022-12-17 12:34:21,528 [Worker-37: Building] WARN  o.e.m.c.i.embedder.EclipseLogger - Using platform encoding (UTF-8 actually) to copy filtered resources, i.e. build is platform dependent!
2022-12-17 12:34:21,528 [Worker-37: Building] INFO  o.e.m.c.i.embedder.EclipseLogger - skip non existing resourceDirectory /home/yesmadam/eclipse-workspace/GitDemo/webMobile/src/test/resources
2022-12-17 12:35:50,758 [Worker-36: Building] WARN  o.e.m.c.i.embedder.EclipseLogger - Using platform encoding (UTF-8 actually) to copy filtered resources, i.e. build is platform dependent!
2022-12-17 12:35:50,759 [Worker-36: Building] INFO  o.e.m.c.i.embedder.EclipseLogger - skip non existing resourceDirectory /home/yesmadam/eclipse-workspace/GitDemo/webMobile/src/main/resources
2022-12-17 12:35:50,761 [Worker-36: Building] WARN  o.e.m.c.i.embedder.EclipseLogger - Using platform encoding (UTF-8 actually) to copy filtered resources, i.e. build is platform dependent!
2022-12-17 12:35:50,761 [Worker-36: Building] INFO  o.e.m.c.i.embedder.EclipseLogger - skip non existing resourceDirectory /home/yesmadam/eclipse-workspace/GitDemo/webMobile/src/test/resources
2022-12-17 12:38:49,367 [Worker-32: Building] WARN  o.e.m.c.i.embedder.EclipseLogger - Using platform encoding (UTF-8 actually) to copy filtered resources, i.e. build is platform dependent!
2022-12-17 12:38:49,368 [Worker-32: Building] INFO  o.e.m.c.i.embedder.EclipseLogger - skip non existing resourceDirectory /home/yesmadam/eclipse-workspace/GitDemo/webMobile/src/main/resources
2022-12-17 12:38:49,370 [Worker-32: Building] WARN  o.e.m.c.i.embedder.EclipseLogger - Using platform encoding (UTF-8 actually) to copy filtered resources, i.e. build is platform dependent!
2022-12-17 12:38:49,371 [Worker-32: Building] INFO  o.e.m.c.i.embedder.EclipseLogger - skip non existing resourceDirectory /home/yesmadam/eclipse-workspace/GitDemo/webMobile/src/test/resources
2022-12-17 12:39:53,893 [Worker-36: Building] WARN  o.e.m.c.i.embedder.EclipseLogger - Using platform encoding (UTF-8 actually) to copy filtered resources, i.e. build is platform dependent!
2022-12-17 12:39:53,894 [Worker-36: Building] INFO  o.e.m.c.i.embedder.EclipseLogger - skip non existing resourceDirectory /home/yesmadam/eclipse-workspace/GitDemo/webMobile/src/main/resources
2022-12-17 12:39:53,896 [Worker-36: Building] WARN  o.e.m.c.i.embedder.EclipseLogger - Using platform encoding (UTF-8 actually) to copy filtered resources, i.e. build is platform dependent!
2022-12-17 12:39:53,898 [Worker-36: Building] INFO  o.e.m.c.i.embedder.EclipseLogger - skip non existing resourceDirectory /home/yesmadam/eclipse-workspace/GitDemo/webMobile/src/test/resources
2022-12-17 12:41:31,968 [Worker-38: Building] WARN  o.e.m.c.i.embedder.EclipseLogger - Using platform encoding (UTF-8 actually) to copy filtered resources, i.e. build is platform dependent!
2022-12-17 12:41:31,968 [Worker-38: Building] INFO  o.e.m.c.i.embedder.EclipseLogger - skip non existing resourceDirectory /home/yesmadam/eclipse-workspace/GitDemo/webMobile/src/main/resources
2022-12-17 12:41:31,971 [Worker-38: Building] WARN  o.e.m.c.i.embedder.EclipseLogger - Using platform encoding (UTF-8 actually) to copy filtered resources, i.e. build is platform dependent!
2022-12-17 12:41:31,971 [Worker-38: Building] INFO  o.e.m.c.i.embedder.EclipseLogger - skip non existing resourceDirectory /home/yesmadam/eclipse-workspace/GitDemo/webMobile/src/test/resources
2022-12-17 12:59:02,649 [Worker-3: Loading available Gradle versions] INFO  o.e.b.c.i.u.g.PublishedGradleVersions - Gradle version information cache is up-to-date. Trying to read.
2022-12-17 13:21:21,014 [Worker-22: Building] WARN  o.e.m.c.i.embedder.EclipseLogger - Using platform encoding (UTF-8 actually) to copy filtered resources, i.e. build is platform dependent!
2022-12-17 13:21:21,025 [Worker-22: Building] INFO  o.e.m.c.i.embedder.EclipseLogger - skip non existing resourceDirectory /home/yesmadam/eclipse-workspace/GitDemo/webMobile/src/main/resources
2022-12-17 13:21:21,032 [Worker-22: Building] WARN  o.e.m.c.i.embedder.EclipseLogger - Using platform encoding (UTF-8 actually) to copy filtered resources, i.e. build is platform dependent!
2022-12-17 13:21:21,033 [Worker-22: Building] INFO  o.e.m.c.i.embedder.EclipseLogger - skip non existing resourceDirectory /home/yesmadam/eclipse-workspace/GitDemo/webMobile/src/test/resources
2022-12-17 13:21:34,593 [Worker-27: Launching mobBrowserTest] WARN  o.e.m.c.i.embedder.EclipseLogger - Using platform encoding (UTF-8 actually) to copy filtered resources, i.e. build is platform dependent!
2022-12-17 13:21:34,594 [Worker-27: Launching mobBrowserTest] INFO  o.e.m.c.i.embedder.EclipseLogger - skip non existing resourceDirectory /home/yesmadam/eclipse-workspace/GitDemo/webMobile/src/main/resources
2022-12-17 13:21:34,601 [Worker-27: Launching mobBrowserTest] WARN  o.e.m.c.i.embedder.EclipseLogger - Using platform encoding (UTF-8 actually) to copy filtered resources, i.e. build is platform dependent!
2022-12-17 13:21:34,602 [Worker-27: Launching mobBrowserTest] INFO  o.e.m.c.i.embedder.EclipseLogger - skip non existing resourceDirectory /home/yesmadam/eclipse-workspace/GitDemo/webMobile/src/test/resources
2022-12-17 13:23:09,196 [Worker-25: Building] WARN  o.e.m.c.i.embedder.EclipseLogger - Using platform encoding (UTF-8 actually) to copy filtered resources, i.e. build is platform dependent!
2022-12-17 13:23:09,203 [Worker-25: Building] INFO  o.e.m.c.i.embedder.EclipseLogger - skip non existing resourceDirectory /home/yesmadam/eclipse-workspace/GitDemo/webMobile/src/main/resources
2022-12-17 13:23:09,206 [Worker-25: Building] WARN  o.e.m.c.i.embedder.EclipseLogger - Using platform encoding (UTF-8 actually) to copy filtered resources, i.e. build is platform dependent!
2022-12-17 13:23:09,207 [Worker-25: Building] INFO  o.e.m.c.i.embedder.EclipseLogger - skip non existing resourceDirectory /home/yesmadam/eclipse-workspace/GitDemo/webMobile/src/test/resources
2022-12-17 13:25:09,565 [Worker-27: Building] WARN  o.e.m.c.i.embedder.EclipseLogger - Using platform encoding (UTF-8 actually) to copy filtered resources, i.e. build is platform dependent!
2022-12-17 13:25:09,566 [Worker-27: Building] INFO  o.e.m.c.i.embedder.EclipseLogger - skip non existing resourceDirectory /home/yesmadam/eclipse-workspace/GitDemo/webMobile/src/main/resources
2022-12-17 13:25:09,569 [Worker-27: Building] WARN  o.e.m.c.i.embedder.EclipseLogger - Using platform encoding (UTF-8 actually) to copy filtered resources, i.e. build is platform dependent!
2022-12-17 13:25:09,570 [Worker-27: Building] INFO  o.e.m.c.i.embedder.EclipseLogger - skip non existing resourceDirectory /home/yesmadam/eclipse-workspace/GitDemo/webMobile/src/test/resources
2022-12-17 13:25:15,908 [Worker-28: Building] WARN  o.e.m.c.i.embedder.EclipseLogger - Using platform encoding (UTF-8 actually) to copy filtered resources, i.e. build is platform dependent!
2022-12-17 13:25:15,908 [Worker-28: Building] INFO  o.e.m.c.i.embedder.EclipseLogger - skip non existing resourceDirectory /home/yesmadam/eclipse-workspace/GitDemo/webMobile/src/main/resources
2022-12-17 13:25:15,913 [Worker-28: Building] WARN  o.e.m.c.i.embedder.EclipseLogger - Using platform encoding (UTF-8 actually) to copy filtered resources, i.e. build is platform dependent!
2022-12-17 13:25:15,914 [Worker-28: Building] INFO  o.e.m.c.i.embedder.EclipseLogger - skip non existing resourceDirectory /home/yesmadam/eclipse-workspace/GitDemo/webMobile/src/test/resources
2022-12-17 13:39:30,154 [Worker-31: Building] INFO  o.e.m.c.i.l.LifecycleMappingFactory - Using org.eclipse.m2e.jdt.JarLifecycleMapping lifecycle mapping for MavenProject: yesMadam:webMobile:0.0.1-SNAPSHOT @ /home/yesmadam/eclipse-workspace/GitDemo/webMobile/pom.xml.
2022-12-17 13:39:30,795 [Worker-31: Building] WARN  o.e.m.c.i.embedder.EclipseLogger - Using platform encoding (UTF-8 actually) to copy filtered resources, i.e. build is platform dependent!
2022-12-17 13:39:30,795 [Worker-31: Building] INFO  o.e.m.c.i.embedder.EclipseLogger - skip non existing resourceDirectory /home/yesmadam/eclipse-workspace/GitDemo/webMobile/src/main/resources
2022-12-17 13:39:30,798 [Worker-31: Building] WARN  o.e.m.c.i.embedder.EclipseLogger - Using platform encoding (UTF-8 actually) to copy filtered resources, i.e. build is platform dependent!
2022-12-17 13:39:30,799 [Worker-31: Building] INFO  o.e.m.c.i.embedder.EclipseLogger - skip non existing resourceDirectory /home/yesmadam/eclipse-workspace/GitDemo/webMobile/src/test/resources
2022-12-17 13:39:32,110 [Worker-31: Building] WARN  o.e.m.c.i.embedder.EclipseLogger - Using platform encoding (UTF-8 actually) to copy filtered resources, i.e. build is platform dependent!
2022-12-17 13:39:32,111 [Worker-31: Building] INFO  o.e.m.c.i.embedder.EclipseLogger - skip non existing resourceDirectory /home/yesmadam/eclipse-workspace/GitDemo/webMobile/src/main/resources
2022-12-17 13:39:32,113 [Worker-31: Building] WARN  o.e.m.c.i.embedder.EclipseLogger - Using platform encoding (UTF-8 actually) to copy filtered resources, i.e. build is platform dependent!
2022-12-17 13:39:32,114 [Worker-31: Building] INFO  o.e.m.c.i.embedder.EclipseLogger - skip non existing resourceDirectory /home/yesmadam/eclipse-workspace/GitDemo/webMobile/src/test/resources
2022-12-17 14:41:21,110 [Worker-35: Building] WARN  o.e.m.c.i.embedder.EclipseLogger - Using platform encoding (UTF-8 actually) to copy filtered resources, i.e. build is platform dependent!
2022-12-17 14:41:21,110 [Worker-35: Building] INFO  o.e.m.c.i.embedder.EclipseLogger - skip non existing resourceDirectory /home/yesmadam/eclipse-workspace/GitDemo/webMobile/src/main/resources
2022-12-17 14:41:21,113 [Worker-35: Building] WARN  o.e.m.c.i.embedder.EclipseLogger - Using platform encoding (UTF-8 actually) to copy filtered resources, i.e. build is platform dependent!
2022-12-17 14:41:21,114 [Worker-35: Building] INFO  o.e.m.c.i.embedder.EclipseLogger - skip non existing resourceDirectory /home/yesmadam/eclipse-workspace/GitDemo/webMobile/src/test/resources
2022-12-17 14:41:49,722 [Worker-37: Building] WARN  o.e.m.c.i.embedder.EclipseLogger - Using platform encoding (UTF-8 actually) to copy filtered resources, i.e. build is platform dependent!
2022-12-17 14:41:49,722 [Worker-37: Building] INFO  o.e.m.c.i.embedder.EclipseLogger - skip non existing resourceDirectory /home/yesmadam/eclipse-workspace/GitDemo/webMobile/src/main/resources
2022-12-17 14:41:49,725 [Worker-37: Building] WARN  o.e.m.c.i.embedder.EclipseLogger - Using platform encoding (UTF-8 actually) to copy filtered resources, i.e. build is platform dependent!
2022-12-17 14:41:49,726 [Worker-37: Building] INFO  o.e.m.c.i.embedder.EclipseLogger - skip non existing resourceDirectory /home/yesmadam/eclipse-workspace/GitDemo/webMobile/src/test/resources
2022-12-17 14:43:07,215 [Worker-38: Building] WARN  o.e.m.c.i.embedder.EclipseLogger - Using platform encoding (UTF-8 actually) to copy filtered resources, i.e. build is platform dependent!
2022-12-17 14:43:07,216 [Worker-38: Building] INFO  o.e.m.c.i.embedder.EclipseLogger - skip non existing resourceDirectory /home/yesmadam/eclipse-workspace/GitDemo/webMobile/src/main/resources
2022-12-17 14:43:07,219 [Worker-38: Building] WARN  o.e.m.c.i.embedder.EclipseLogger - Using platform encoding (UTF-8 actually) to copy filtered resources, i.e. build is platform dependent!
2022-12-17 14:43:07,219 [Worker-38: Building] INFO  o.e.m.c.i.embedder.EclipseLogger - skip non existing resourceDirectory /home/yesmadam/eclipse-workspace/GitDemo/webMobile/src/test/resources
2022-12-17 14:43:39,319 [Worker-35: Building] WARN  o.e.m.c.i.embedder.EclipseLogger - Using platform encoding (UTF-8 actually) to copy filtered resources, i.e. build is platform dependent!
2022-12-17 14:43:39,319 [Worker-35: Building] INFO  o.e.m.c.i.embedder.EclipseLogger - skip non existing resourceDirectory /home/yesmadam/eclipse-workspace/GitDemo/webMobile/src/main/resources
2022-12-17 14:43:39,322 [Worker-35: Building] WARN  o.e.m.c.i.embedder.EclipseLogger - Using platform encoding (UTF-8 actually) to copy filtered resources, i.e. build is platform dependent!
2022-12-17 14:43:39,323 [Worker-35: Building] INFO  o.e.m.c.i.embedder.EclipseLogger - skip non existing resourceDirectory /home/yesmadam/eclipse-workspace/GitDemo/webMobile/src/test/resources
2022-12-17 14:44:06,534 [Worker-35: Building] WARN  o.e.m.c.i.embedder.EclipseLogger - Using platform encoding (UTF-8 actually) to copy filtered resources, i.e. build is platform dependent!
2022-12-17 14:44:06,535 [Worker-35: Building] INFO  o.e.m.c.i.embedder.EclipseLogger - skip non existing resourceDirectory /home/yesmadam/eclipse-workspace/GitDemo/webMobile/src/main/resources
2022-12-17 14:44:06,538 [Worker-35: Building] WARN  o.e.m.c.i.embedder.EclipseLogger - Using platform encoding (UTF-8 actually) to copy filtered resources, i.e. build is platform dependent!
2022-12-17 14:44:06,539 [Worker-35: Building] INFO  o.e.m.c.i.embedder.EclipseLogger - skip non existing resourceDirectory /home/yesmadam/eclipse-workspace/GitDemo/webMobile/src/test/resources
2022-12-17 14:44:43,611 [Worker-37: Building] WARN  o.e.m.c.i.embedder.EclipseLogger - Using platform encoding (UTF-8 actually) to copy filtered resources, i.e. build is platform dependent!
2022-12-17 14:44:43,611 [Worker-37: Building] INFO  o.e.m.c.i.embedder.EclipseLogger - skip non existing resourceDirectory /home/yesmadam/eclipse-workspace/GitDemo/webMobile/src/main/resources
2022-12-17 14:44:43,615 [Worker-37: Building] WARN  o.e.m.c.i.embedder.EclipseLogger - Using platform encoding (UTF-8 actually) to copy filtered resources, i.e. build is platform dependent!
2022-12-17 14:44:43,616 [Worker-37: Building] INFO  o.e.m.c.i.embedder.EclipseLogger - skip non existing resourceDirectory /home/yesmadam/eclipse-workspace/GitDemo/webMobile/src/test/resources
2022-12-17 14:45:18,296 [Worker-35: Building] WARN  o.e.m.c.i.embedder.EclipseLogger - Using platform encoding (UTF-8 actually) to copy filtered resources, i.e. build is platform dependent!
2022-12-17 14:45:18,299 [Worker-35: Building] INFO  o.e.m.c.i.embedder.EclipseLogger - skip non existing resourceDirectory /home/yesmadam/eclipse-workspace/GitDemo/webMobile/src/main/resources
2022-12-17 14:45:18,302 [Worker-35: Building] WARN  o.e.m.c.i.embedder.EclipseLogger - Using platform encoding (UTF-8 actually) to copy filtered resources, i.e. build is platform dependent!
2022-12-17 14:45:18,303 [Worker-35: Building] INFO  o.e.m.c.i.embedder.EclipseLogger - skip non existing resourceDirectory /home/yesmadam/eclipse-workspace/GitDemo/webMobile/src/test/resources
2022-12-17 14:46:04,924 [Worker-39: Building] WARN  o.e.m.c.i.embedder.EclipseLogger - Using platform encoding (UTF-8 actually) to copy filtered resources, i.e. build is platform dependent!
2022-12-17 14:46:04,925 [Worker-39: Building] INFO  o.e.m.c.i.embedder.EclipseLogger - skip non existing resourceDirectory /home/yesmadam/eclipse-workspace/GitDemo/webMobile/src/main/resources
2022-12-17 14:46:04,929 [Worker-39: Building] WARN  o.e.m.c.i.embedder.EclipseLogger - Using platform encoding (UTF-8 actually) to copy filtered resources, i.e. build is platform dependent!
2022-12-17 14:46:04,930 [Worker-39: Building] INFO  o.e.m.c.i.embedder.EclipseLogger - skip non existing resourceDirectory /home/yesmadam/eclipse-workspace/GitDemo/webMobile/src/test/resources
2022-12-17 14:46:15,779 [Worker-37: Building] WARN  o.e.m.c.i.embedder.EclipseLogger - Using platform encoding (UTF-8 actually) to copy filtered resources, i.e. build is platform dependent!
2022-12-17 14:46:15,780 [Worker-37: Building] INFO  o.e.m.c.i.embedder.EclipseLogger - skip non existing resourceDirectory /home/yesmadam/eclipse-workspace/GitDemo/webMobile/src/main/resources
2022-12-17 14:46:15,784 [Worker-37: Building] WARN  o.e.m.c.i.embedder.EclipseLogger - Using platform encoding (UTF-8 actually) to copy filtered resources, i.e. build is platform dependent!
2022-12-17 14:46:15,785 [Worker-37: Building] INFO  o.e.m.c.i.embedder.EclipseLogger - skip non existing resourceDirectory /home/yesmadam/eclipse-workspace/GitDemo/webMobile/src/test/resources
2022-12-17 14:46:33,363 [Worker-38: Launching WebMainPageTC] WARN  o.e.m.c.i.embedder.EclipseLogger - Using platform encoding (UTF-8 actually) to copy filtered resources, i.e. build is platform dependent!
2022-12-17 14:46:33,364 [Worker-38: Launching WebMainPageTC] INFO  o.e.m.c.i.embedder.EclipseLogger - skip non existing resourceDirectory /home/yesmadam/eclipse-workspace/GitDemo/webMobile/src/main/resources
2022-12-17 14:46:33,367 [Worker-38: Launching WebMainPageTC] WARN  o.e.m.c.i.embedder.EclipseLogger - Using platform encoding (UTF-8 actually) to copy filtered resources, i.e. build is platform dependent!
2022-12-17 14:46:33,368 [Worker-38: Launching WebMainPageTC] INFO  o.e.m.c.i.embedder.EclipseLogger - skip non existing resourceDirectory /home/yesmadam/eclipse-workspace/GitDemo/webMobile/src/test/resources
